[debug] ----------------------------------------------------------------------
[debug] Command:      /usr/local/bin/node /usr/local/bin/firebase deploy
[debug] CLI Version:  3.0.2
[debug] Platform:     darwin
[debug] Node Version: v4.1.2
[debug] Time:         Fri Nov 04 2016 16:44:27 GMT+1000 (AEST)
[debug] ----------------------------------------------------------------------
[debug] 
[debug] > command requires scopes: ["email","openid","https://www.googleapis.com/auth/cloudplatformprojects.readonly","https://www.googleapis.com/auth/firebase"]
[debug] > refreshing access token with scopes: ["email","https://www.googleapis.com/auth/cloudplatformprojects.readonly","https://www.googleapis.com/auth/firebase","openid"]
[debug] >>> HTTP REQUEST POST https://www.googleapis.com/oauth2/v3/token
[debug] <<< HTTP RESPONSE 200
[debug] >>> HTTP REQUEST GET https://admin.firebase.com/v1/projects/udacityfour 
[debug] <<< HTTP RESPONSE 200
[debug] >>> HTTP REQUEST GET https://admin.firebase.com/v1/database/udacityfour/tokens 
[debug] <<< HTTP RESPONSE 200
[info] 
[info] === Deploying to 'udacityfour'...
[info] 
[info] i  deploying database, hosting
[info] i  hosting: preparing dist/app directory for upload...
